<?xml version="1.0" encoding="UTF-8"?>
<testng-results ignored="0" total="1" passed="1" failed="0" skipped="0">
  <reporter-output>
  </reporter-output>
  <suite started-at="2023-09-10T13:12:55 EDT" name="Default suite" finished-at="2023-09-10T13:13:00 EDT" duration-ms="5565">
    <groups>
    </groups>
    <test started-at="2023-09-10T13:12:55 EDT" name="Default test" finished-at="2023-09-10T13:13:00 EDT" duration-ms="5565">
      <class name="com.facebook.locators.RegularXpath">
        <test-method is-config="true" signature="openFacebook()[pri:0, instance:com.facebook.locators.RegularXpath@292b08d6]" started-at="2023-09-10T13:12:55 EDT" name="openFacebook" finished-at="2023-09-10T13:13:00 EDT" duration-ms="5316" status="PASS">
          <reporter-output>
          </reporter-output>
        </test-method> <!-- openFacebook -->
        <test-method signature="loginTest()[pri:0, instance:com.facebook.locators.RegularXpath@292b08d6]" started-at="2023-09-10T13:13:00 EDT" name="loginTest" finished-at="2023-09-10T13:13:00 EDT" duration-ms="142" status="PASS">
          <reporter-output>
          </reporter-output>
        </test-method> <!-- loginTest -->
      </class> <!-- com.facebook.locators.RegularXpath -->
    </test> <!-- Default test -->
  </suite> <!-- Default suite -->
</testng-results>
